<?xml version="1.0" encoding="UTF-8"?>
<!-- Generated by org.testng.reporters.JUnitReportReporter -->
<testsuite skipped="0" hostname="DESKTOP-KRLAL0I" name="com.project.Finance2.CheckBox1" tests="1" failures="0" timestamp="08 Jan 2019 09:43:03 GMT" time="17.157" errors="0">
  <testcase name="checkboxTest" time="17.157" classname="com.project.Finance2.CheckBox1"/>
</testsuite> <!-- com.project.Finance2.CheckBox1 -->
