<?xml version="1.0" encoding="UTF-8"?>
<!-- Generated by org.testng.reporters.JUnitReportReporter -->
<testsuite skipped="0" hostname="DESKTOP-KRLAL0I" name="com.project.Finance.TC_002" tests="1" failures="0" timestamp="03 Jan 2019 09:39:23 GMT" time="0.002" errors="0">
  <testcase name="f" time="0.002" classname="com.project.Finance.TC_002"/>
</testsuite> <!-- com.project.Finance.TC_002 -->
