<?xml version="1.0" encoding="UTF-8"?>
<!-- Generated by org.testng.reporters.JUnitReportReporter -->
<testsuite skipped="1" hostname="DESKTOP-KRLAL0I" name="com.project.Finance.NewTest" tests="3" failures="0" timestamp="03 Jan 2019 09:39:23 GMT" time="0.006" errors="0">
  <testcase name="f" time="0.003" classname="com.project.Finance.NewTest"/>
  <testcase name="a" time="0.003" classname="com.project.Finance.NewTest"/>
  <testcase name="y" classname="com.project.Finance.NewTest">
    <skipped/>
  </testcase> <!-- y -->
</testsuite> <!-- com.project.Finance.NewTest -->
