<?xml version="1.0" encoding="UTF-8"?>
<!-- Generated by org.testng.reporters.JUnitReportReporter -->
<testsuite skipped="2" hostname="DESKTOP-KRLAL0I" name="com.project.Finance2.NewTest" tests="6" failures="0" timestamp="08 Jan 2019 09:19:51 GMT" time="0.009" errors="0">
  <testcase name="f" time="0.002" classname="com.project.Finance2.NewTest"/>
  <testcase name="f" time="0.003" classname="com.project.Finance2.NewTest"/>
  <testcase name="a" time="0.002" classname="com.project.Finance2.NewTest"/>
  <testcase name="a" time="0.002" classname="com.project.Finance2.NewTest"/>
  <testcase name="y" classname="com.project.Finance2.NewTest">
    <skipped/>
  </testcase> <!-- y -->
  <testcase name="y" classname="com.project.Finance2.NewTest">
    <skipped/>
  </testcase> <!-- y -->
</testsuite> <!-- com.project.Finance2.NewTest -->
