<?xml version="1.0" encoding="UTF-8"?>
<!-- Generated by org.testng.reporters.JUnitReportReporter -->
<testsuite skipped="0" hostname="DESKTOP-KRLAL0I" name="com.project.Finance2.LinksTesting1" tests="1" failures="0" timestamp="08 Jan 2019 09:43:03 GMT" time="8.209" errors="0">
  <testcase name="linktesting1" time="8.209" classname="com.project.Finance2.LinksTesting1"/>
</testsuite> <!-- com.project.Finance2.LinksTesting1 -->
