<?xml version="1.0" encoding="UTF-8"?>
<!-- Generated by org.testng.reporters.JUnitReportReporter -->
<testsuite skipped="1" hostname="DESKTOP-KRLAL0I" name="com.project.Ecommerce.TC_003" tests="3" failures="0" timestamp="18 Dec 2018 11:23:20 GMT" time="0.021" errors="0">
  <testcase name="z" time="0.006" classname="com.project.Ecommerce.TC_003"/>
  <testcase name="f" time="0.015" classname="com.project.Ecommerce.TC_003"/>
  <testcase name="a" classname="com.project.Ecommerce.TC_003">
    <skipped/>
  </testcase> <!-- a -->
</testsuite> <!-- com.project.Ecommerce.TC_003 -->
