<?xml version="1.0" encoding="UTF-8"?>
<!-- Generated by org.testng.reporters.JUnitReportReporter -->
<testsuite skipped="0" hostname="DESKTOP-KRLAL0I" name="com.project.Ecommerce.CheckBox1" tests="1" failures="0" timestamp="19 Dec 2018 11:26:44 GMT" time="30.858" errors="0">
  <testcase name="checkboxTest" time="30.858" classname="com.project.Ecommerce.CheckBox1"/>
</testsuite> <!-- com.project.Ecommerce.CheckBox1 -->
