<?xml version="1.0" encoding="UTF-8"?>
<!-- Generated by org.testng.reporters.JUnitReportReporter -->
<testsuite skipped="0" hostname="DESKTOP-KRLAL0I" name="com.project.Ecommerce.TC_002" tests="1" failures="0" timestamp="18 Dec 2018 11:23:20 GMT" time="0.016" errors="0">
  <testcase name="f" time="0.016" classname="com.project.Ecommerce.TC_002"/>
</testsuite> <!-- com.project.Ecommerce.TC_002 -->
