<?xml version="1.0" encoding="UTF-8"?>
<!-- Generated by org.testng.reporters.JUnitReportReporter -->
<testsuite skipped="0" hostname="DESKTOP-KRLAL0I" name="com.project.Ecommerce.TC_004" tests="1" failures="0" timestamp="19 Dec 2018 11:27:50 GMT" time="33.414" errors="0">
  <testcase name="amazon" time="33.414" classname="com.project.Ecommerce.TC_004"/>
</testsuite> <!-- com.project.Ecommerce.TC_004 -->
