<?xml version="1.0" encoding="UTF-8"?>
<!-- Generated by org.testng.reporters.JUnitReportReporter -->
<testsuite skipped="0" hostname="DESKTOP-KRLAL0I" name="com.project.Ecommerce.LinksTesting1" tests="1" failures="0" timestamp="19 Dec 2018 11:26:44 GMT" time="29.912" errors="0">
  <testcase name="linktesting1" time="29.912" classname="com.project.Ecommerce.LinksTesting1"/>
</testsuite> <!-- com.project.Ecommerce.LinksTesting1 -->
