<?xml version="1.0" encoding="UTF-8"?>
<!-- Generated by org.testng.reporters.JUnitReportReporter -->
<testsuite skipped="0" hostname="DESKTOP-KRLAL0I" name="com.project.Ecommerce1.TC_005" tests="1" failures="0" timestamp="20 Dec 2018 12:02:42 GMT" time="17.063" errors="0">
  <testcase name="login" time="17.063" classname="com.project.Ecommerce1.TC_005"/>
</testsuite> <!-- com.project.Ecommerce1.TC_005 -->
